<?xml version="1.0" encoding="UTF-8"?>
<testsuite name="yes1sir.yessir.YessirApplicationTests" tests="1" skipped="0" failures="0" errors="0" timestamp="2024-08-04T09:49:02" hostname="Minkyoung-MacBook-Air.local" time="0.245">
  <properties/>
  <testcase name="contextLoads()" classname="yes1sir.yessir.YessirApplicationTests" time="0.245"/>
  <system-out><![CDATA[Standard Commons Logging discovery in action with spring-jcl: please remove commons-logging.jar from classpath in order to avoid potential conflicts

  .   ____          _            __ _ _
 /\\ / ___'_ __ _ _(_)_ __  __ _ \ \ \ \
( ( )\___ | '_ | '_| | '_ \/ _` | \ \ \ \
 \\/  ___)| |_)| | | | | || (_| |  ) ) ) )
  '  |____| .__|_| |_|_| |_\__, | / / / /
 =========|_|==============|___/=/_/_/_/

 :: Spring Boot ::                (v3.3.2)

Hibernate: select st1_0.type_name from skin_type st1_0 where st1_0.type_name=?
Hibernate: select st1_0.type_name from skin_type st1_0 where st1_0.type_name=?
Hibernate: select st1_0.type_name from skin_type st1_0 where st1_0.type_name=?
Hibernate: select st1_0.type_name from skin_type st1_0 where st1_0.type_name=?
Hibernate: select st1_0.type_name from skin_type st1_0 where st1_0.type_name=?
Hibernate: select st1_0.type_name from skin_type st1_0 where st1_0.type_name=?
Hibernate: select st1_0.type_name from skin_type st1_0 where st1_0.type_name=?
Hibernate: select st1_0.type_name from skin_type st1_0 where st1_0.type_name=?
Hibernate: select st1_0.type_name from skin_type st1_0 where st1_0.type_name=?
Hibernate: select st1_0.type_name from skin_type st1_0 where st1_0.type_name=?
Hibernate: select st1_0.type_name from skin_type st1_0 where st1_0.type_name=?
Hibernate: select st1_0.type_name from skin_type st1_0 where st1_0.type_name=?
Hibernate: select st1_0.type_name from skin_type st1_0 where st1_0.type_name=?
Hibernate: select st1_0.type_name from skin_type st1_0 where st1_0.type_name=?
Hibernate: select st1_0.type_name from skin_type st1_0 where st1_0.type_name=?
Hibernate: select st1_0.type_name from skin_type st1_0 where st1_0.type_name=?
Hibernate: select p1_0.id from product p1_0 where p1_0.brand=? and p1_0.name=? limit ?
Hibernate: select p1_0.id from product p1_0 where p1_0.brand=? and p1_0.name=? limit ?
Hibernate: select p1_0.id from product p1_0 where p1_0.brand=? and p1_0.name=? limit ?
Hibernate: select p1_0.id from product p1_0 where p1_0.brand=? and p1_0.name=? limit ?
Hibernate: select p1_0.id from product p1_0 where p1_0.brand=? and p1_0.name=? limit ?
Hibernate: select p1_0.id from product p1_0 where p1_0.brand=? and p1_0.name=? limit ?
Hibernate: select p1_0.id from product p1_0 where p1_0.brand=? and p1_0.name=? limit ?
Hibernate: select p1_0.id from product p1_0 where p1_0.brand=? and p1_0.name=? limit ?
Hibernate: select p1_0.id from product p1_0 where p1_0.brand=? and p1_0.name=? limit ?
Hibernate: select p1_0.id from product p1_0 where p1_0.brand=? and p1_0.name=? limit ?
Hibernate: select p1_0.id from product p1_0 where p1_0.brand=? and p1_0.name=? limit ?
Hibernate: select p1_0.id from product p1_0 where p1_0.brand=? and p1_0.name=? limit ?
Hibernate: select p1_0.id from product p1_0 where p1_0.brand=? and p1_0.name=? limit ?
Hibernate: select p1_0.id from product p1_0 where p1_0.brand=? and p1_0.name=? limit ?
Hibernate: select p1_0.id from product p1_0 where p1_0.brand=? and p1_0.name=? limit ?
Hibernate: select p1_0.id from product p1_0 where p1_0.brand=? and p1_0.name=? limit ?
Hibernate: select p1_0.id from product p1_0 where p1_0.brand=? and p1_0.name=? limit ?
Hibernate: select p1_0.id from product p1_0 where p1_0.brand=? and p1_0.name=? limit ?
Hibernate: select p1_0.id from product p1_0 where p1_0.brand=? and p1_0.name=? limit ?
Hibernate: select p1_0.id from product p1_0 where p1_0.brand=? and p1_0.name=? limit ?
Hibernate: select p1_0.id from product p1_0 where p1_0.brand=? and p1_0.name=? limit ?
Hibernate: select p1_0.id from product p1_0 where p1_0.brand=? and p1_0.name=? limit ?
Hibernate: select p1_0.id from product p1_0 where p1_0.brand=? and p1_0.name=? limit ?
Hibernate: select p1_0.id from product p1_0 where p1_0.brand=? and p1_0.name=? limit ?
Hibernate: select p1_0.id from product p1_0 where p1_0.brand=? and p1_0.name=? limit ?
Hibernate: select p1_0.id from product p1_0 where p1_0.brand=? and p1_0.name=? limit ?
Hibernate: select p1_0.id from product p1_0 where p1_0.brand=? and p1_0.name=? limit ?
Hibernate: select p1_0.id from product p1_0 where p1_0.brand=? and p1_0.name=? limit ?
Hibernate: select p1_0.id from product p1_0 where p1_0.brand=? and p1_0.name=? limit ?
Hibernate: select p1_0.id from product p1_0 where p1_0.brand=? and p1_0.name=? limit ?
Hibernate: select p1_0.id from product p1_0 where p1_0.brand=? and p1_0.name=? limit ?
Hibernate: select p1_0.id from product p1_0 where p1_0.brand=? and p1_0.name=? limit ?
Hibernate: select p1_0.id from product p1_0 where p1_0.brand=? and p1_0.name=? limit ?
Hibernate: select p1_0.id from product p1_0 where p1_0.brand=? and p1_0.name=? limit ?
Hibernate: select p1_0.id from product p1_0 where p1_0.brand=? and p1_0.name=? limit ?
Hibernate: select p1_0.id from product p1_0 where p1_0.brand=? and p1_0.name=? limit ?
Hibernate: select p1_0.id from product p1_0 where p1_0.brand=? and p1_0.name=? limit ?
Hibernate: select p1_0.id from product p1_0 where p1_0.brand=? and p1_0.name=? limit ?
Hibernate: select p1_0.id from product p1_0 where p1_0.brand=? and p1_0.name=? limit ?
Hibernate: select p1_0.id from product p1_0 where p1_0.brand=? and p1_0.name=? limit ?
Hibernate: select p1_0.id from product p1_0 where p1_0.brand=? and p1_0.name=? limit ?
Hibernate: select p1_0.id from product p1_0 where p1_0.brand=? and p1_0.name=? limit ?
Hibernate: select p1_0.id from product p1_0 where p1_0.brand=? and p1_0.name=? limit ?
Hibernate: select p1_0.id from product p1_0 where p1_0.brand=? and p1_0.name=? limit ?
Hibernate: select p1_0.id from product p1_0 where p1_0.brand=? and p1_0.name=? limit ?
Hibernate: select p1_0.id from product p1_0 where p1_0.brand=? and p1_0.name=? limit ?
Hibernate: select p1_0.id from product p1_0 where p1_0.brand=? and p1_0.name=? limit ?
Hibernate: select p1_0.id from product p1_0 where p1_0.brand=? and p1_0.name=? limit ?
Hibernate: select p1_0.id from product p1_0 where p1_0.brand=? and p1_0.name=? limit ?
Hibernate: select p1_0.id from product p1_0 where p1_0.brand=? and p1_0.name=? limit ?
Hibernate: select p1_0.id from product p1_0 where p1_0.brand=? and p1_0.name=? limit ?
Hibernate: select p1_0.id from product p1_0 where p1_0.brand=? and p1_0.name=? limit ?
Hibernate: select p1_0.id from product p1_0 where p1_0.brand=? and p1_0.name=? limit ?
Hibernate: select p1_0.id from product p1_0 where p1_0.brand=? and p1_0.name=? limit ?
Hibernate: select p1_0.id from product p1_0 where p1_0.brand=? and p1_0.name=? limit ?
Hibernate: select p1_0.id from product p1_0 where p1_0.brand=? and p1_0.name=? limit ?
Hibernate: select p1_0.id from product p1_0 where p1_0.brand=? and p1_0.name=? limit ?
Hibernate: select p1_0.id from product p1_0 where p1_0.brand=? and p1_0.name=? limit ?
Hibernate: select p1_0.id from product p1_0 where p1_0.brand=? and p1_0.name=? limit ?
Hibernate: select p1_0.id from product p1_0 where p1_0.brand=? and p1_0.name=? limit ?
Hibernate: select p1_0.id from product p1_0 where p1_0.brand=? and p1_0.name=? limit ?
Hibernate: select p1_0.id from product p1_0 where p1_0.brand=? and p1_0.name=? limit ?
Hibernate: select p1_0.id from product p1_0 where p1_0.brand=? and p1_0.name=? limit ?
Hibernate: select p1_0.id from product p1_0 where p1_0.brand=? and p1_0.name=? limit ?
Hibernate: select p1_0.id from product p1_0 where p1_0.brand=? and p1_0.name=? limit ?
Hibernate: select p1_0.id from product p1_0 where p1_0.brand=? and p1_0.name=? limit ?
Hibernate: select p1_0.id from product p1_0 where p1_0.brand=? and p1_0.name=? limit ?
Hibernate: select p1_0.id from product p1_0 where p1_0.brand=? and p1_0.name=? limit ?
Hibernate: select p1_0.id from product p1_0 where p1_0.brand=? and p1_0.name=? limit ?
Hibernate: select p1_0.id from product p1_0 where p1_0.brand=? and p1_0.name=? limit ?
Hibernate: select p1_0.id from product p1_0 where p1_0.brand=? and p1_0.name=? limit ?
Hibernate: select p1_0.id from product p1_0 where p1_0.brand=? and p1_0.name=? limit ?
Hibernate: select p1_0.id from product p1_0 where p1_0.brand=? and p1_0.name=? limit ?
Hibernate: select p1_0.id from product p1_0 where p1_0.brand=? and p1_0.name=? limit ?
Hibernate: select p1_0.id from product p1_0 where p1_0.brand=? and p1_0.name=? limit ?
Hibernate: select p1_0.id from product p1_0 where p1_0.brand=? and p1_0.name=? limit ?
Hibernate: select p1_0.id from product p1_0 where p1_0.brand=? and p1_0.name=? limit ?
Hibernate: select p1_0.id from product p1_0 where p1_0.brand=? and p1_0.name=? limit ?
Hibernate: select p1_0.id from product p1_0 where p1_0.brand=? and p1_0.name=? limit ?
Hibernate: select p1_0.id from product p1_0 where p1_0.brand=? and p1_0.name=? limit ?
Hibernate: select p1_0.id from product p1_0 where p1_0.brand=? and p1_0.name=? limit ?
Hibernate: select p1_0.id from product p1_0 where p1_0.brand=? and p1_0.name=? limit ?
Hibernate: select p1_0.id from product p1_0 where p1_0.brand=? and p1_0.name=? limit ?
Hibernate: select p1_0.id from product p1_0 where p1_0.brand=? and p1_0.name=? limit ?
Hibernate: select p1_0.id from product p1_0 where p1_0.brand=? and p1_0.name=? limit ?
Hibernate: select p1_0.id from product p1_0 where p1_0.brand=? and p1_0.name=? limit ?
Hibernate: select p1_0.id from product p1_0 where p1_0.brand=? and p1_0.name=? limit ?
Hibernate: select p1_0.id from product p1_0 where p1_0.brand=? and p1_0.name=? limit ?
Hibernate: select p1_0.id from product p1_0 where p1_0.brand=? and p1_0.name=? limit ?
Hibernate: select p1_0.id from product p1_0 where p1_0.brand=? and p1_0.name=? limit ?
Hibernate: select p1_0.id from product p1_0 where p1_0.brand=? and p1_0.name=? limit ?
Hibernate: select p1_0.id from product p1_0 where p1_0.brand=? and p1_0.name=? limit ?
Hibernate: select p1_0.id from product p1_0 where p1_0.brand=? and p1_0.name=? limit ?
Hibernate: select p1_0.id from product p1_0 where p1_0.brand=? and p1_0.name=? limit ?
Hibernate: select p1_0.id from product p1_0 where p1_0.brand=? and p1_0.name=? limit ?
Hibernate: select p1_0.id from product p1_0 where p1_0.brand=? and p1_0.name=? limit ?
Hibernate: select p1_0.id from product p1_0 where p1_0.brand=? and p1_0.name=? limit ?
Hibernate: select p1_0.id from product p1_0 where p1_0.brand=? and p1_0.name=? limit ?
Hibernate: select p1_0.id from product p1_0 where p1_0.brand=? and p1_0.name=? limit ?
Hibernate: select p1_0.id from product p1_0 where p1_0.brand=? and p1_0.name=? limit ?
Hibernate: select p1_0.id from product p1_0 where p1_0.brand=? and p1_0.name=? limit ?
]]></system-out>
  <system-err><![CDATA[[Test worker] INFO org.springframework.test.context.support.AnnotationConfigContextLoaderUtils - Could not detect default configuration classes for test class [yes1sir.yessir.YessirApplicationTests]: YessirApplicationTests does not declare any static, non-private, non-final, nested classes annotated with @Configuration.
[Test worker] INFO org.springframework.boot.test.context.SpringBootTestContextBootstrapper - Found @SpringBootConfiguration yes1sir.yessir.YessirApplication for test class yes1sir.yessir.YessirApplicationTests
[Test worker] INFO yes1sir.yessir.YessirApplicationTests - No active profile set, falling back to 1 default profile: "default"
[Test worker] INFO org.springframework.data.repository.config.RepositoryConfigurationDelegate - Bootstrapping Spring Data JPA repositories in DEFAULT mode.
[Test worker] INFO org.springframework.data.repository.config.RepositoryConfigurationDelegate - Finished Spring Data repository scanning in 14 ms. Found 4 JPA repository interfaces.
[2024-08-04 18:49:01.516] - 77078 INFO [Test worker] --- org.hibernate.jpa.internal.util.LogHelper: HHH000204: Processing PersistenceUnitInfo [name: default]
[2024-08-04 18:49:01.533] - 77078 INFO [Test worker] --- org.hibernate.Version: HHH000412: Hibernate ORM core version 6.5.2.Final
[2024-08-04 18:49:01.544] - 77078 INFO [Test worker] --- org.hibernate.cache.internal.RegionFactoryInitiator: HHH000026: Second-level cache disabled
[Test worker] INFO org.springframework.orm.jpa.persistenceunit.SpringPersistenceUnitInfo - No LoadTimeWeaver setup: ignoring JPA class transformer
[Test worker] INFO com.zaxxer.hikari.HikariDataSource - HikariPool-1 - Starting...
[Test worker] INFO com.zaxxer.hikari.pool.HikariPool - HikariPool-1 - Added connection com.mysql.cj.jdbc.ConnectionImpl@4e9e0c6
[Test worker] INFO com.zaxxer.hikari.HikariDataSource - HikariPool-1 - Start completed.
[2024-08-04 18:49:01.806] - 77078 WARN [Test worker] --- org.hibernate.orm.deprecation: HHH90000025: MySQL8Dialect does not need to be specified explicitly using 'hibernate.dialect' (remove the property setting and it will be selected by default)
[2024-08-04 18:49:01.807] - 77078 WARN [Test worker] --- org.hibernate.orm.deprecation: HHH90000026: MySQL8Dialect has been deprecated; use org.hibernate.dialect.MySQLDialect instead
[2024-08-04 18:49:02.152] - 77078 INFO [Test worker] --- org.hibernate.engine.transaction.jta.platform.internal.JtaPlatformInitiator: HHH000489: No JTA platform available (set 'hibernate.transaction.jta.platform' to enable JTA platform integration)
[Test worker] INFO org.springframework.orm.jpa.LocalContainerEntityManagerFactoryBean - Initialized JPA EntityManagerFactory for persistence unit 'default'
[Test worker] WARN org.springframework.boot.autoconfigure.orm.jpa.JpaBaseConfiguration$JpaWebConfiguration - spring.jpa.open-in-view is enabled by default. Therefore, database queries may be performed during view rendering. Explicitly configure spring.jpa.open-in-view to disable this warning
[Test worker] INFO org.springframework.boot.autoconfigure.web.servlet.WelcomePageHandlerMapping - Adding welcome page template: index
[Test worker] INFO yes1sir.yessir.YessirApplicationTests - Started YessirApplicationTests in 1.807 seconds (process running for 2.196)
]]></system-err>
</testsuite>
